#
# There is insufficient memory for the Java Runtime Environment to continue.
# Native memory allocation (mmap) failed to map 257949696 bytes for Failed to commit area from 0x000000070a200000 to 0x0000000719800000 of length 257949696.
# Possible reasons:
#   The system is out of physical RAM or swap space
#   The process is running with CompressedOops enabled, and the Java Heap may be blocking the growth of the native heap
# Possible solutions:
#   Reduce memory load on the system
#   Increase physical memory or swap space
#   Check if swap backing store is full
#   Decrease Java heap size (-Xmx/-Xms)
#   Decrease number of Java threads
#   Decrease Java thread stack sizes (-Xss)
#   Set larger code cache with -XX:ReservedCodeCacheSize=
# This output file may be truncated or incomplete.
#
#  Out of Memory Error (t:/workspace/open/src/hotspot/os/windows/os_windows.cpp:3269), pid=3380, tid=13928
#
# JRE version:  (11.0+28) (build )
# Java VM: OpenJDK 64-Bit Server VM (11+28, mixed mode, aot, sharing, tiered, compressed oops, g1 gc, windows-amd64)
# No core dump will be written. Minidumps are not enabled by default on client versions of Windows
#

---------------  S U M M A R Y ------------

Command Line: -Dmaven.multiModuleProjectDirectory=C:\Users\okpee\BOAcentice\ideale-api -Dmaven.home=C:\Program Files\JetBrains\IntelliJ IDEA Community Edition 2021.1.2\plugins\maven\lib\maven3 -Dclassworlds.conf=C:\Program Files\JetBrains\IntelliJ IDEA Community Edition 2021.1.2\plugins\maven\lib\maven3\bin\m2.conf -Dmaven.ext.class.path=C:\Program Files\JetBrains\IntelliJ IDEA Community Edition 2021.1.2\plugins\maven\lib\maven-event-listener.jar -javaagent:C:\Program Files\JetBrains\IntelliJ IDEA Community Edition 2021.1.2\lib\idea_rt.jar=65373:C:\Program Files\JetBrains\IntelliJ IDEA Community Edition 2021.1.2\bin -Dfile.encoding=UTF-8 org.codehaus.classworlds.Launcher -Didea.version=2021.1.2 spring-boot:run -Dspring-boot.run.profiles=locale2 -P locale2

Host: AMD Ryzen 7 4700U with Radeon Graphics         , 8 cores, 15G,  Windows 10 , 64 bit Build 19041 (10.0.19041.1023)
Time: Thu Jun 24 01:31:19 2021 Paris, Madrid (heure d’été) elapsed time: 0 seconds (0d 0h 0m 0s)

---------------  T H R E A D  ---------------

Current thread (0x00000191f34a7000):  JavaThread "Unknown thread" [_thread_in_vm, id=13928, stack(0x0000005fee200000,0x0000005fee300000)]

Stack: [0x0000005fee200000,0x0000005fee300000]
Native frames: (J=compiled Java code, j=interpreted, Vv=VM code, C=native code)
V  [jvm.dll+0x63adaa]
V  [jvm.dll+0x77852f]
V  [jvm.dll+0x779b18]
V  [jvm.dll+0x77a1d3]
V  [jvm.dll+0x2624c8]
V  [jvm.dll+0x63825a]
V  [jvm.dll+0x62cb15]
V  [jvm.dll+0x31563c]
V  [jvm.dll+0x3154c2]
V  [jvm.dll+0x31ad36]
V  [jvm.dll+0x36726f]
V  [jvm.dll+0x366c90]
V  [jvm.dll+0x2f2378]
V  [jvm.dll+0x2f34d6]
V  [jvm.dll+0x7517d7]
V  [jvm.dll+0x752f1f]
V  [jvm.dll+0x374099]
V  [jvm.dll+0x738059]
V  [jvm.dll+0x3e35fd]
V  [jvm.dll+0x3e5961]
C  [java.exe+0x3603]
C  [java.exe+0x1746c]
C  [KERNEL32.DLL+0x17034]
C  [ntdll.dll+0x52651]


---------------  P R O C E S S  ---------------

Threads class SMR info:
_java_thread_list=0x00000191f1b61510, length=0, elements={
}

Java Threads: ( => current thread )

Other Threads:
  0x00000191f34bf000 GCTaskThread "GC Thread#0" [stack: 0x0000005fee300000,0x0000005fee400000] [id=12324]
  0x00000191f3518000 ConcurrentGCThread "G1 Main Marker" [stack: 0x0000005fee400000,0x0000005fee500000] [id=8316]
  0x00000191f351b000 ConcurrentGCThread "G1 Conc#0" [stack: 0x0000005fee500000,0x0000005fee600000] [id=9788]

[error occurred during error reporting (printing all threads), id 0xc0000005, EXCEPTION_ACCESS_VIOLATION (0xc0000005) at pc=0x00007ffb19bc0d37]

VM state:not at safepoint (not fully initialized)

VM Mutex/Monitor currently owned by a thread:  ([mutex/lock_event])
[0x00000191f34a3490] Heap_lock - owner thread: 0x00000191f34a7000

Heap address: 0x000000070a200000, size: 3934 MB, Compressed Oops mode: Non-zero based: 0x000000070a200000
Narrow klass base: 0x0000000000000000, Narrow klass shift: 0

GC Heap History (0 events):
No events

Deoptimization events (0 events):
No events

Classes redefined (0 events):
No events

Internal exceptions (0 events):
No events

Events (0 events):
No events


Dynamic libraries:
0x00007ff7aaec0000 - 0x00007ff7aaf05000 	C:\Program Files\Java\jdk-11\bin\java.exe
0x00007ffb53870000 - 0x00007ffb53a65000 	C:\windows\SYSTEM32\ntdll.dll
0x00007ffb518e0000 - 0x00007ffb5199d000 	C:\windows\System32\KERNEL32.DLL
0x00007ffb512e0000 - 0x00007ffb515a8000 	C:\windows\System32\KERNELBASE.dll
0x00007ffb51d20000 - 0x00007ffb51ec0000 	C:\windows\System32\USER32.dll
0x00007ffb50fb0000 - 0x00007ffb50fd2000 	C:\windows\System32\win32u.dll
0x00007ffb53800000 - 0x00007ffb5382a000 	C:\windows\System32\GDI32.dll
0x00007ffb51090000 - 0x00007ffb5119b000 	C:\windows\System32\gdi32full.dll
0x00007ffb515b0000 - 0x00007ffb5164d000 	C:\windows\System32\msvcp_win.dll
0x00007ffb517b0000 - 0x00007ffb518b0000 	C:\windows\System32\ucrtbase.dll
0x00007ffb45dd0000 - 0x00007ffb4606a000 	C:\windows\WinSxS\amd64_microsoft.windows.common-controls_6595b64144ccf1df_6.0.19041.1052_none_60b8f8fd71f5e8cb\COMCTL32.dll
0x00007ffb519a0000 - 0x00007ffb51a3e000 	C:\windows\System32\msvcrt.dll
0x00007ffb528c0000 - 0x00007ffb528f0000 	C:\windows\System32\IMM32.DLL
0x00007ffb4ca80000 - 0x00007ffb4ca96000 	C:\Program Files\Java\jdk-11\bin\vcruntime140.dll
0x00007ffb48e60000 - 0x00007ffb48f0a000 	C:\Program Files\Java\jdk-11\bin\msvcp140.dll
0x00007ffb198c0000 - 0x00007ffb1a401000 	C:\Program Files\Java\jdk-11\bin\server\jvm.dll
0x00007ffb53530000 - 0x00007ffb535dc000 	C:\windows\System32\ADVAPI32.dll
0x00007ffb52960000 - 0x00007ffb529fb000 	C:\windows\System32\sechost.dll
0x00007ffb51a60000 - 0x00007ffb51b8b000 	C:\windows\System32\RPCRT4.dll
0x00007ffb523e0000 - 0x00007ffb523e8000 	C:\windows\System32\PSAPI.DLL
0x00007ffb34410000 - 0x00007ffb34419000 	C:\windows\SYSTEM32\WSOCK32.dll
0x00007ffb479e0000 - 0x00007ffb47a07000 	C:\windows\SYSTEM32\WINMM.dll
0x00007ffb528f0000 - 0x00007ffb5295b000 	C:\windows\System32\WS2_32.dll
0x00007ffb47cb0000 - 0x00007ffb47cba000 	C:\windows\SYSTEM32\VERSION.dll
0x00007ffb4eee0000 - 0x00007ffb4eef2000 	C:\windows\SYSTEM32\kernel.appcore.dll
0x00007ffb48e40000 - 0x00007ffb48e51000 	C:\Program Files\Java\jdk-11\bin\verify.dll
0x00007ffb44dd0000 - 0x00007ffb44fb4000 	C:\windows\SYSTEM32\DBGHELP.DLL
0x00007ffb44da0000 - 0x00007ffb44dcc000 	C:\windows\SYSTEM32\dbgcore.DLL
0x00007ffb51250000 - 0x00007ffb512d3000 	C:\windows\System32\bcryptPrimitives.dll
0x00007ffb48e10000 - 0x00007ffb48e38000 	C:\Program Files\Java\jdk-11\bin\java.dll
0x00007ffb48de0000 - 0x00007ffb48e0f000 	C:\Program Files\Java\jdk-11\bin\instrument.dll
0x00007ffb48dc0000 - 0x00007ffb48dd6000 	C:\Program Files\Java\jdk-11\bin\zip.dll
0x00007ffb48db0000 - 0x00007ffb48dba000 	C:\Program Files\Java\jdk-11\bin\jimage.dll

dbghelp: loaded successfully - version: 4.0.5 - missing functions: none
symbol engine: initialized successfully - sym options: 0x614 - pdb path: .;C:\Program Files\Java\jdk-11\bin;C:\windows\SYSTEM32;C:\windows\WinSxS\amd64_microsoft.windows.common-controls_6595b64144ccf1df_6.0.19041.1052_none_60b8f8fd71f5e8cb;C:\Program Files\Java\jdk-11\bin\server

VM Arguments:
jvm_args: -Dmaven.multiModuleProjectDirectory=C:\Users\okpee\BOAcentice\ideale-api -Dmaven.home=C:\Program Files\JetBrains\IntelliJ IDEA Community Edition 2021.1.2\plugins\maven\lib\maven3 -Dclassworlds.conf=C:\Program Files\JetBrains\IntelliJ IDEA Community Edition 2021.1.2\plugins\maven\lib\maven3\bin\m2.conf -Dmaven.ext.class.path=C:\Program Files\JetBrains\IntelliJ IDEA Community Edition 2021.1.2\plugins\maven\lib\maven-event-listener.jar -javaagent:C:\Program Files\JetBrains\IntelliJ IDEA Community Edition 2021.1.2\lib\idea_rt.jar=65373:C:\Program Files\JetBrains\IntelliJ IDEA Community Edition 2021.1.2\bin -Dfile.encoding=UTF-8 
java_command: org.codehaus.classworlds.Launcher -Didea.version=2021.1.2 spring-boot:run -Dspring-boot.run.profiles=locale2 -P locale2
java_class_path (initial): C:\Program Files\JetBrains\IntelliJ IDEA Community Edition 2021.1.2\plugins\maven\lib\maven3\boot\plexus-classworlds-2.6.0.jar;C:\Program Files\JetBrains\IntelliJ IDEA Community Edition 2021.1.2\plugins\maven\lib\maven3\boot\plexus-classworlds.license
Launcher Type: SUN_STANDARD

[Global flags]
     intx CICompilerCount                          = 4                                         {product} {ergonomic}
     uint ConcGCThreads                            = 2                                         {product} {ergonomic}
     uint G1ConcRefinementThreads                  = 8                                         {product} {ergonomic}
   size_t G1HeapRegionSize                         = 1048576                                   {product} {ergonomic}
    uintx GCDrainStackTargetSize                   = 64                                        {product} {ergonomic}
   size_t InitialHeapSize                          = 257949696                                 {product} {ergonomic}
   size_t MarkStackSize                            = 4194304                                   {product} {ergonomic}
   size_t MaxHeapSize                              = 4125097984                                {product} {ergonomic}
   size_t MinHeapDeltaBytes                        = 1048576                                   {product} {ergonomic}
    uintx NonNMethodCodeHeapSize                   = 5835340                                {pd product} {ergonomic}
    uintx NonProfiledCodeHeapSize                  = 122911450                              {pd product} {ergonomic}
    uintx ProfiledCodeHeapSize                     = 122911450                              {pd product} {ergonomic}
    uintx ReservedCodeCacheSize                    = 251658240                              {pd product} {ergonomic}
     bool SegmentedCodeCache                       = true                                      {product} {ergonomic}
     bool UseCompressedClassPointers               = true                                 {lp64_product} {ergonomic}
     bool UseCompressedOops                        = true                                 {lp64_product} {ergonomic}
     bool UseG1GC                                  = true                                      {product} {ergonomic}
     bool UseLargePagesIndividualAllocation        = false                                  {pd product} {ergonomic}

Logging:
Log output configuration:
 #0: stdout all=warning uptime,level,tags
 #1: stderr all=off uptime,level,tags

Environment Variables:
JAVA_HOME=C:\Program Files\java\jdk-11
PATH=C:\windows\system32;C:\windows;C:\windows\System32\Wbem;C:\windows\System32\WindowsPowerShell\v1.0\;C:\windows\System32\OpenSSH\;C:\Program Files\java\jdk-11\bin;C:\Program Files\Git\cmd;C:\Users\okpee\tools\apache-maven-3.8.1\bin;C:\Users\okpee\tools\apache-tomcat-8.5.66\bin;C:\Program Files\MySQL\MySQL Shell 8.0\bin\;C:\Users\okpee\AppData\Local\Microsoft\WindowsApps;;C:\Users\okpee\AppData\Local\Programs\Microsoft VS Code\bin
USERNAME=okpee
OS=Windows_NT
PROCESSOR_IDENTIFIER=AMD64 Family 23 Model 96 Stepping 1, AuthenticAMD



---------------  S Y S T E M  ---------------

OS: Windows 10 , 64 bit Build 19041 (10.0.19041.1023)

CPU:total 8 (initial active 8) (8 cores per cpu, 1 threads per core) family 23 model 96 stepping 1, cmov, cx8, fxsr, mmx, sse, sse2, sse3, ssse3, sse4.1, sse4.2, popcnt, avx, avx2, aes, clmul, mmxext, 3dnowpref, lzcnt, sse4a, tsc, tscinvbit, tscinv, bmi1, bmi2, adx, sha, fma

Memory: 4k page, system-wide physical 15733M (1881M free)
TotalPageFile size 64885M (AvailPageFile size 182M)
current process WorkingSet (physical memory assigned to process): 10M, peak: 10M
current process commit charge ("private bytes"): 60M, peak: 306M

vm_info: OpenJDK 64-Bit Server VM (11+28) for windows-amd64 JRE (11+28), built on Aug 23 2018 03:04:58 by "mach5one" with MS VC++ 15.5 (VS2017)

END.
